1:
D             
H           
S         
P       
2     
5   
A 

2:
D             
H           
S         
P       
2     
5 A 
  

3:
D             
H           
S         
P       
2 3   
  A 
  

4:
D             
H           
S         
P       
2 3 A 
    
  

5:
D             
H           
S         
P 2     
  3   
  A 
  

6:
D             
H           
S         
P 2     
  3 A 
    
  

7:
D             
H           
S         
P 2 3   
    A 
    
  

8:
D             
H           
S         
P 2 3 A 
      
    
  

9:
D             
H           
S P       
  2     
  3   
  A 
  

10:
D             
H           
S P       
  2     
  3 A 
    
  

11:
D             
H           
S P       
  2 3   
    A 
    
  

12:
D             
H           
S P       
  2 3 A 
      
    
  

13:
D             
H           
S P 2     
    3   
    A 
    
  

14:
D             
H           
S P 2     
    3 A 
      
    
  

15:
D             
H           
S P 2 3   
      A 
      
    
  

16:
D             
H           
S P 2 3 A 
        
      
    
  

17:
D             
H S         
  P       
  2     
  3   
  A 
  

18:
D             
H S         
  P       
  2     
  3 A 
    
  

19:
D             
H S         
  P       
  2 3   
    A 
    
  

20:
D             
H S         
  P       
  2 3 A 
      
    
  

21:
D             
H S         
  P 2     
    3   
    A 
    
  

22:
D             
H S         
  P 2     
    3 A 
      
    
  

23:
D             
H S         
  P 2 3   
      A 
      
    
  

24:
D             
H S         
  P 2 3 A 
        
      
    
  

25:
D             
H S P       
    2     
    3   
    A 
    
  

26:
D             
H S P       
    2     
    3 A 
      
    
  

27:
D             
H S P       
    2 3   
      A 
      
    
  

28:
D             
H S P       
    2 3 A 
        
      
    
  

29:
D             
H S P 2     
      3   
      A 
      
    
  

30:
D             
H S P 2     
      3 A 
        
      
    
  

31:
D             
H S P 2 3   
        A 
        
      
    
  

32:
D             
H S P 2 3 A 
          
        
      
    
  

33:
D H           
  S         
  P       
  2     
  3   
  A 
  

34:
D H           
  S         
  P       
  2     
  3 A 
    
  

35:
D H           
  S         
  P       
  2 3   
    A 
    
  

36:
D H           
  S         
  P       
  2 3 A 
      
    
  

37:
D H           
  S         
  P 2     
    3   
    A 
    
  

38:
D H           
  S         
  P 2     
    3 A 
      
    
  

39:
D H           
  S         
  P 2 3   
      A 
      
    
  

40:
D H           
  S         
  P 2 3 A 
        
      
    
  

41:
D H           
  S P       
    2     
    3   
    A 
    
  

42:
D H           
  S P       
    2     
    3 A 
      
    
  

43:
D H           
  S P       
    2 3   
      A 
      
    
  

44:
D H           
  S P       
    2 3 A 
        
      
    
  

45:
D H           
  S P 2     
      3   
      A 
      
    
  

46:
D H           
  S P 2     
      3 A 
        
      
    
  

47:
D H           
  S P 2 3   
        A 
        
      
    
  

48:
D H           
  S P 2 3 A 
          
        
      
    
  

49:
D H S         
    P       
    2     
    3   
    A 
    
  

50:
D H S         
    P       
    2     
    3 A 
      
    
  

51:
D H S         
    P       
    2 3   
      A 
      
    
  

52:
D H S         
    P       
    2 3 A 
        
      
    
  

53:
D H S         
    P 2     
      3   
      A 
      
    
  

54:
D H S         
    P 2     
      3 A 
        
      
    
  

55:
D H S         
    P 2 3   
        A 
        
      
    
  

56:
D H S         
    P 2 3 A 
          
        
      
    
  

57:
D H S P       
      2     
      3   
      A 
      
    
  

58:
D H S P       
      2     
      3 A 
        
      
    
  

59:
D H S P       
      2 3   
        A 
        
      
    
  

60:
D H S P       
      2 3 A 
          
        
      
    
  

61:
D H S P 2     
        3   
        A 
        
      
    
  

62:
D H S P 2     
        3 A 
          
        
      
    
  

63:
D H S P 2 3   
          A 
          
        
      
    
  

64:
D H S P 2 3 A 
            
          
        
      
    
  

